28-Mar-2024 09:19:06.513 INFO [main] org.apache.catalina.startup.VersionLoggerListener.log Nombre de la versión del servidor: Apache Tomcat/9.0.87
28-Mar-2024 09:19:06.515 INFO [main] org.apache.catalina.startup.VersionLoggerListener.log Server built:                      Mar 11 2024 10:12:34 UTC
28-Mar-2024 09:19:06.515 INFO [main] org.apache.catalina.startup.VersionLoggerListener.log Número de versión de servidor:     9.0.87.0
28-Mar-2024 09:19:06.515 INFO [main] org.apache.catalina.startup.VersionLoggerListener.log OS Name:                           Mac OS X
28-Mar-2024 09:19:06.515 INFO [main] org.apache.catalina.startup.VersionLoggerListener.log Versión de Systema Operativo:      14.4.1
28-Mar-2024 09:19:06.515 INFO [main] org.apache.catalina.startup.VersionLoggerListener.log Arquitectura:                      aarch64
28-Mar-2024 09:19:06.515 INFO [main] org.apache.catalina.startup.VersionLoggerListener.log Java Home:                         /Library/Java/JavaVirtualMachines/jdk-21.jdk/Contents/Home
28-Mar-2024 09:19:06.515 INFO [main] org.apache.catalina.startup.VersionLoggerListener.log JVM Version:                       21.0.2+13-LTS-58
28-Mar-2024 09:19:06.516 INFO [main] org.apache.catalina.startup.VersionLoggerListener.log Vededor JVM:                       Oracle Corporation
28-Mar-2024 09:19:06.516 INFO [main] org.apache.catalina.startup.VersionLoggerListener.log CATALINA_BASE:                     /Users/josedutan/Documents/Programacion Nivelacion/MODULO 2/WorkspaceJava/apache-tomcat-9.0.87
28-Mar-2024 09:19:06.516 INFO [main] org.apache.catalina.startup.VersionLoggerListener.log CATALINA_HOME:                     /Users/josedutan/Documents/Programacion Nivelacion/MODULO 2/WorkspaceJava/apache-tomcat-9.0.87
28-Mar-2024 09:19:06.520 INFO [main] org.apache.catalina.startup.VersionLoggerListener.log Command line argument:             --add-opens=java.base/java.lang=ALL-UNNAMED
28-Mar-2024 09:19:06.520 INFO [main] org.apache.catalina.startup.VersionLoggerListener.log Command line argument:             --add-opens=java.base/java.io=ALL-UNNAMED
28-Mar-2024 09:19:06.521 INFO [main] org.apache.catalina.startup.VersionLoggerListener.log Command line argument:             --add-opens=java.base/java.util=ALL-UNNAMED
28-Mar-2024 09:19:06.521 INFO [main] org.apache.catalina.startup.VersionLoggerListener.log Command line argument:             --add-opens=java.base/java.util.concurrent=ALL-UNNAMED
28-Mar-2024 09:19:06.521 INFO [main] org.apache.catalina.startup.VersionLoggerListener.log Command line argument:             --add-opens=java.rmi/sun.rmi.transport=ALL-UNNAMED
28-Mar-2024 09:19:06.521 INFO [main] org.apache.catalina.startup.VersionLoggerListener.log Command line argument:             -Djava.util.logging.config.file=/Users/josedutan/Documents/Programacion Nivelacion/MODULO 2/WorkspaceJava/apache-tomcat-9.0.87/conf/logging.properties
28-Mar-2024 09:19:06.521 INFO [main] org.apache.catalina.startup.VersionLoggerListener.log Command line argument:             -Djava.util.logging.manager=org.apache.juli.ClassLoaderLogManager
28-Mar-2024 09:19:06.521 INFO [main] org.apache.catalina.startup.VersionLoggerListener.log Command line argument:             -Djdk.tls.ephemeralDHKeySize=2048
28-Mar-2024 09:19:06.521 INFO [main] org.apache.catalina.startup.VersionLoggerListener.log Command line argument:             -Djava.protocol.handler.pkgs=org.apache.catalina.webresources
28-Mar-2024 09:19:06.521 INFO [main] org.apache.catalina.startup.VersionLoggerListener.log Command line argument:             -Dorg.apache.catalina.security.SecurityListener.UMASK=0027
28-Mar-2024 09:19:06.521 INFO [main] org.apache.catalina.startup.VersionLoggerListener.log Command line argument:             -Dignore.endorsed.dirs=
28-Mar-2024 09:19:06.521 INFO [main] org.apache.catalina.startup.VersionLoggerListener.log Command line argument:             -Dcatalina.base=/Users/josedutan/Documents/Programacion Nivelacion/MODULO 2/WorkspaceJava/apache-tomcat-9.0.87
28-Mar-2024 09:19:06.521 INFO [main] org.apache.catalina.startup.VersionLoggerListener.log Command line argument:             -Dcatalina.home=/Users/josedutan/Documents/Programacion Nivelacion/MODULO 2/WorkspaceJava/apache-tomcat-9.0.87
28-Mar-2024 09:19:06.521 INFO [main] org.apache.catalina.startup.VersionLoggerListener.log Command line argument:             -Djava.io.tmpdir=/Users/josedutan/Documents/Programacion Nivelacion/MODULO 2/WorkspaceJava/apache-tomcat-9.0.87/temp
28-Mar-2024 09:19:06.525 INFO [main] org.apache.catalina.core.AprLifecycleListener.lifecycleEvent La biblioteca nativa de Apache Tomcat basada en ARP que permite un rendimiento óptimo en entornos de desarrollo no ha sido hallada en java.library.path: [/Users/josedutan/Library/Java/Extensions:/Library/Java/Extensions:/Network/Library/Java/Extensions:/System/Library/Java/Extensions:/usr/lib/java:.]
28-Mar-2024 09:19:06.683 INFO [main] org.apache.coyote.AbstractProtocol.init Inicializando el manejador de protocolo ["http-nio-8080"]

28-Mar-2024 09:19:06.693 SEVERE [main] org.apache.catalina.util.LifecycleBase.handleSubClassException Fallo al iniciar el componente [Connector["http-nio-8080"]]
	org.apache.catalina.LifecycleException: Falló la inicialización del manejador de protocolo
		at org.apache.catalina.connector.Connector.initInternal(Connector.java:1011)
		at org.apache.catalina.util.LifecycleBase.init(LifecycleBase.java:127)
		at org.apache.catalina.core.StandardService.initInternal(StandardService.java:554)
		at org.apache.catalina.util.LifecycleBase.init(LifecycleBase.java:127)
		at org.apache.catalina.core.StandardServer.initInternal(StandardServer.java:1046)
		at org.apache.catalina.util.LifecycleBase.init(LifecycleBase.java:127)
		at org.apache.catalina.startup.Catalina.load(Catalina.java:686)
		at org.apache.catalina.startup.Catalina.load(Catalina.java:709)
		at java.base/jdk.internal.reflect.DirectMethodHandleAccessor.invoke(DirectMethodHandleAccessor.java:103)
		at java.base/java.lang.reflect.Method.invoke(Method.java:580)
		at org.apache.catalina.startup.Bootstrap.load(Bootstrap.java:302)
		at org.apache.catalina.startup.Bootstrap.main(Bootstrap.java:472)
	Caused by: java.net.BindException: Address already in use
		at java.base/sun.nio.ch.Net.bind0(Native Method)
		at java.base/sun.nio.ch.Net.bind(Net.java:565)
		at java.base/sun.nio.ch.ServerSocketChannelImpl.netBind(ServerSocketChannelImpl.java:344)
		at java.base/sun.nio.ch.ServerSocketChannelImpl.bind(ServerSocketChannelImpl.java:301)
		at org.apache.tomcat.util.net.NioEndpoint.initServerSocket(NioEndpoint.java:268)
		at org.apache.tomcat.util.net.NioEndpoint.bind(NioEndpoint.java:223)
		at org.apache.tomcat.util.net.AbstractEndpoint.bindWithCleanup(AbstractEndpoint.java:1334)
		at org.apache.tomcat.util.net.AbstractEndpoint.init(AbstractEndpoint.java:1347)
		at org.apache.coyote.AbstractProtocol.init(AbstractProtocol.java:654)
		at org.apache.coyote.http11.AbstractHttp11Protocol.init(AbstractHttp11Protocol.java:75)
		at org.apache.catalina.connector.Connector.initInternal(Connector.java:1009)
		... 11 more
28-Mar-2024 09:19:06.694 INFO [main] org.apache.catalina.startup.Catalina.load Server initialization in [273] milliseconds
28-Mar-2024 09:19:06.712 INFO [main] org.apache.catalina.core.StandardService.startInternal Arrancando servicio [Catalina]
28-Mar-2024 09:19:06.712 INFO [main] org.apache.catalina.core.StandardEngine.startInternal Starting Servlet engine: [Apache Tomcat/9.0.87]
28-Mar-2024 09:19:06.720 INFO [main] org.apache.catalina.startup.HostConfig.deployWAR Despliegue del archivo [/Users/josedutan/Documents/Programacion Nivelacion/MODULO 2/WorkspaceJava/apache-tomcat-9.0.87/webapps/ejemploweb.war] de la aplicación web
28-Mar-2024 09:19:06.858 INFO [main] org.apache.catalina.startup.HostConfig.deployWAR Deployment of web application archive [/Users/josedutan/Documents/Programacion Nivelacion/MODULO 2/WorkspaceJava/apache-tomcat-9.0.87/webapps/ejemploweb.war] has finished in [137] ms
28-Mar-2024 09:19:06.858 INFO [main] org.apache.catalina.startup.HostConfig.deployDirectory Desplegando el directorio [/Users/josedutan/Documents/Programacion Nivelacion/MODULO 2/WorkspaceJava/apache-tomcat-9.0.87/webapps/RETO52] de la aplicación web
28-Mar-2024 09:19:06.868 INFO [main] org.apache.catalina.startup.HostConfig.deployDirectory Deployment of web application directory [/Users/josedutan/Documents/Programacion Nivelacion/MODULO 2/WorkspaceJava/apache-tomcat-9.0.87/webapps/RETO52] has finished in [10] ms
28-Mar-2024 09:19:06.868 INFO [main] org.apache.catalina.startup.HostConfig.deployDirectory Desplegando el directorio [/Users/josedutan/Documents/Programacion Nivelacion/MODULO 2/WorkspaceJava/apache-tomcat-9.0.87/webapps/docs] de la aplicación web
28-Mar-2024 09:19:06.881 INFO [main] org.apache.catalina.startup.HostConfig.deployDirectory Deployment of web application directory [/Users/josedutan/Documents/Programacion Nivelacion/MODULO 2/WorkspaceJava/apache-tomcat-9.0.87/webapps/docs] has finished in [13] ms
28-Mar-2024 09:19:06.881 INFO [main] org.apache.catalina.startup.HostConfig.deployDirectory Desplegando el directorio [/Users/josedutan/Documents/Programacion Nivelacion/MODULO 2/WorkspaceJava/apache-tomcat-9.0.87/webapps/manager] de la aplicación web
28-Mar-2024 09:19:06.900 INFO [main] org.apache.catalina.startup.HostConfig.deployDirectory Deployment of web application directory [/Users/josedutan/Documents/Programacion Nivelacion/MODULO 2/WorkspaceJava/apache-tomcat-9.0.87/webapps/manager] has finished in [19] ms
28-Mar-2024 09:19:06.900 INFO [main] org.apache.catalina.startup.HostConfig.deployDirectory Desplegando el directorio [/Users/josedutan/Documents/Programacion Nivelacion/MODULO 2/WorkspaceJava/apache-tomcat-9.0.87/webapps/examples] de la aplicación web
28-Mar-2024 09:19:07.009 INFO [main] org.apache.catalina.startup.HostConfig.deployDirectory Deployment of web application directory [/Users/josedutan/Documents/Programacion Nivelacion/MODULO 2/WorkspaceJava/apache-tomcat-9.0.87/webapps/examples] has finished in [109] ms
28-Mar-2024 09:19:07.010 INFO [main] org.apache.catalina.startup.HostConfig.deployDirectory Desplegando el directorio [/Users/josedutan/Documents/Programacion Nivelacion/MODULO 2/WorkspaceJava/apache-tomcat-9.0.87/webapps/ROOT] de la aplicación web
28-Mar-2024 09:19:07.018 INFO [main] org.apache.catalina.startup.HostConfig.deployDirectory Deployment of web application directory [/Users/josedutan/Documents/Programacion Nivelacion/MODULO 2/WorkspaceJava/apache-tomcat-9.0.87/webapps/ROOT] has finished in [9] ms
28-Mar-2024 09:19:07.018 INFO [main] org.apache.catalina.startup.HostConfig.deployDirectory Desplegando el directorio [/Users/josedutan/Documents/Programacion Nivelacion/MODULO 2/WorkspaceJava/apache-tomcat-9.0.87/webapps/krakedev] de la aplicación web
28-Mar-2024 09:19:07.026 INFO [main] org.apache.catalina.startup.HostConfig.deployDirectory Deployment of web application directory [/Users/josedutan/Documents/Programacion Nivelacion/MODULO 2/WorkspaceJava/apache-tomcat-9.0.87/webapps/krakedev] has finished in [8] ms
28-Mar-2024 09:19:07.026 INFO [main] org.apache.catalina.startup.HostConfig.deployDirectory Desplegando el directorio [/Users/josedutan/Documents/Programacion Nivelacion/MODULO 2/WorkspaceJava/apache-tomcat-9.0.87/webapps/host-manager] de la aplicación web
28-Mar-2024 09:19:07.035 INFO [main] org.apache.catalina.startup.HostConfig.deployDirectory Deployment of web application directory [/Users/josedutan/Documents/Programacion Nivelacion/MODULO 2/WorkspaceJava/apache-tomcat-9.0.87/webapps/host-manager] has finished in [9] ms
28-Mar-2024 09:19:07.037 INFO [main] org.apache.catalina.startup.Catalina.start Server startup in [343] milliseconds
28-Mar-2024 09:19:07.045 SEVERE [main] org.apache.catalina.core.StandardServer.await Failed to create server shutdown socket on address [localhost] and port [8005] (base port [8005] and offset [0])
	java.net.BindException: Address already in use
		at java.base/sun.nio.ch.Net.bind0(Native Method)
		at java.base/sun.nio.ch.Net.bind(Net.java:565)
		at java.base/sun.nio.ch.Net.bind(Net.java:554)
		at java.base/sun.nio.ch.NioSocketImpl.bind(NioSocketImpl.java:636)
		at java.base/java.net.ServerSocket.bind(ServerSocket.java:391)
		at java.base/java.net.ServerSocket.<init>(ServerSocket.java:278)
		at org.apache.catalina.core.StandardServer.await(StandardServer.java:581)
		at org.apache.catalina.startup.Catalina.await(Catalina.java:825)
		at org.apache.catalina.startup.Catalina.start(Catalina.java:773)
		at java.base/jdk.internal.reflect.DirectMethodHandleAccessor.invoke(DirectMethodHandleAccessor.java:103)
		at java.base/java.lang.reflect.Method.invoke(Method.java:580)
		at org.apache.catalina.startup.Bootstrap.start(Bootstrap.java:345)
		at org.apache.catalina.startup.Bootstrap.main(Bootstrap.java:473)
28-Mar-2024 09:19:07.045 INFO [main] org.apache.coyote.AbstractProtocol.pause Pausing ProtocolHandler ["http-nio-8080"]
28-Mar-2024 09:19:07.045 INFO [main] org.apache.catalina.core.StandardService.stopInternal Parando servicio [Catalina]
28-Mar-2024 09:19:07.057 INFO [main] org.apache.coyote.AbstractProtocol.stop Stopping ProtocolHandler ["http-nio-8080"]
28-Mar-2024 09:19:07.057 INFO [main] org.apache.coyote.AbstractProtocol.destroy Destroying ProtocolHandler ["http-nio-8080"]
28-Mar-2024 09:22:47.345 INFO [main] org.apache.catalina.startup.VersionLoggerListener.log Nombre de la versión del servidor: Apache Tomcat/9.0.87
28-Mar-2024 09:22:47.346 INFO [main] org.apache.catalina.startup.VersionLoggerListener.log Server built:                      Mar 11 2024 10:12:34 UTC
28-Mar-2024 09:22:47.346 INFO [main] org.apache.catalina.startup.VersionLoggerListener.log Número de versión de servidor:     9.0.87.0
28-Mar-2024 09:22:47.346 INFO [main] org.apache.catalina.startup.VersionLoggerListener.log OS Name:                           Mac OS X
28-Mar-2024 09:22:47.346 INFO [main] org.apache.catalina.startup.VersionLoggerListener.log Versión de Systema Operativo:      14.4.1
28-Mar-2024 09:22:47.346 INFO [main] org.apache.catalina.startup.VersionLoggerListener.log Arquitectura:                      aarch64
28-Mar-2024 09:22:47.346 INFO [main] org.apache.catalina.startup.VersionLoggerListener.log Java Home:                         /Library/Java/JavaVirtualMachines/jdk-21.jdk/Contents/Home
28-Mar-2024 09:22:47.346 INFO [main] org.apache.catalina.startup.VersionLoggerListener.log JVM Version:                       21.0.2+13-LTS-58
28-Mar-2024 09:22:47.347 INFO [main] org.apache.catalina.startup.VersionLoggerListener.log Vededor JVM:                       Oracle Corporation
28-Mar-2024 09:22:47.347 INFO [main] org.apache.catalina.startup.VersionLoggerListener.log CATALINA_BASE:                     /Users/josedutan/Documents/Programacion Nivelacion/MODULO 2/WorkspaceJava/apache-tomcat-9.0.87
28-Mar-2024 09:22:47.347 INFO [main] org.apache.catalina.startup.VersionLoggerListener.log CATALINA_HOME:                     /Users/josedutan/Documents/Programacion Nivelacion/MODULO 2/WorkspaceJava/apache-tomcat-9.0.87
28-Mar-2024 09:22:47.352 INFO [main] org.apache.catalina.startup.VersionLoggerListener.log Command line argument:             --add-opens=java.base/java.lang=ALL-UNNAMED
28-Mar-2024 09:22:47.352 INFO [main] org.apache.catalina.startup.VersionLoggerListener.log Command line argument:             --add-opens=java.base/java.io=ALL-UNNAMED
28-Mar-2024 09:22:47.352 INFO [main] org.apache.catalina.startup.VersionLoggerListener.log Command line argument:             --add-opens=java.base/java.util=ALL-UNNAMED
28-Mar-2024 09:22:47.352 INFO [main] org.apache.catalina.startup.VersionLoggerListener.log Command line argument:             --add-opens=java.base/java.util.concurrent=ALL-UNNAMED
28-Mar-2024 09:22:47.352 INFO [main] org.apache.catalina.startup.VersionLoggerListener.log Command line argument:             --add-opens=java.rmi/sun.rmi.transport=ALL-UNNAMED
28-Mar-2024 09:22:47.352 INFO [main] org.apache.catalina.startup.VersionLoggerListener.log Command line argument:             -Djava.util.logging.config.file=/Users/josedutan/Documents/Programacion Nivelacion/MODULO 2/WorkspaceJava/apache-tomcat-9.0.87/conf/logging.properties
28-Mar-2024 09:22:47.352 INFO [main] org.apache.catalina.startup.VersionLoggerListener.log Command line argument:             -Djava.util.logging.manager=org.apache.juli.ClassLoaderLogManager
28-Mar-2024 09:22:47.352 INFO [main] org.apache.catalina.startup.VersionLoggerListener.log Command line argument:             -Djdk.tls.ephemeralDHKeySize=2048
28-Mar-2024 09:22:47.352 INFO [main] org.apache.catalina.startup.VersionLoggerListener.log Command line argument:             -Djava.protocol.handler.pkgs=org.apache.catalina.webresources
28-Mar-2024 09:22:47.352 INFO [main] org.apache.catalina.startup.VersionLoggerListener.log Command line argument:             -Dorg.apache.catalina.security.SecurityListener.UMASK=0027
28-Mar-2024 09:22:47.352 INFO [main] org.apache.catalina.startup.VersionLoggerListener.log Command line argument:             -Dignore.endorsed.dirs=
28-Mar-2024 09:22:47.352 INFO [main] org.apache.catalina.startup.VersionLoggerListener.log Command line argument:             -Dcatalina.base=/Users/josedutan/Documents/Programacion Nivelacion/MODULO 2/WorkspaceJava/apache-tomcat-9.0.87
28-Mar-2024 09:22:47.352 INFO [main] org.apache.catalina.startup.VersionLoggerListener.log Command line argument:             -Dcatalina.home=/Users/josedutan/Documents/Programacion Nivelacion/MODULO 2/WorkspaceJava/apache-tomcat-9.0.87
28-Mar-2024 09:22:47.352 INFO [main] org.apache.catalina.startup.VersionLoggerListener.log Command line argument:             -Djava.io.tmpdir=/Users/josedutan/Documents/Programacion Nivelacion/MODULO 2/WorkspaceJava/apache-tomcat-9.0.87/temp
28-Mar-2024 09:22:47.357 INFO [main] org.apache.catalina.core.AprLifecycleListener.lifecycleEvent La biblioteca nativa de Apache Tomcat basada en ARP que permite un rendimiento óptimo en entornos de desarrollo no ha sido hallada en java.library.path: [/Users/josedutan/Library/Java/Extensions:/Library/Java/Extensions:/Network/Library/Java/Extensions:/System/Library/Java/Extensions:/usr/lib/java:.]
28-Mar-2024 09:22:47.514 INFO [main] org.apache.coyote.AbstractProtocol.init Inicializando el manejador de protocolo ["http-nio-8080"]

28-Mar-2024 09:22:47.529 INFO [main] org.apache.catalina.startup.Catalina.load Server initialization in [272] milliseconds
28-Mar-2024 09:22:47.546 INFO [main] org.apache.catalina.core.StandardService.startInternal Arrancando servicio [Catalina]
28-Mar-2024 09:22:47.546 INFO [main] org.apache.catalina.core.StandardEngine.startInternal Starting Servlet engine: [Apache Tomcat/9.0.87]
28-Mar-2024 09:22:47.553 INFO [main] org.apache.catalina.startup.HostConfig.deployWAR Despliegue del archivo [/Users/josedutan/Documents/Programacion Nivelacion/MODULO 2/WorkspaceJava/apache-tomcat-9.0.87/webapps/ejemploweb.war] de la aplicación web
28-Mar-2024 09:22:47.681 INFO [main] org.apache.catalina.startup.HostConfig.deployWAR Deployment of web application archive [/Users/josedutan/Documents/Programacion Nivelacion/MODULO 2/WorkspaceJava/apache-tomcat-9.0.87/webapps/ejemploweb.war] has finished in [127] ms
28-Mar-2024 09:22:47.682 INFO [main] org.apache.catalina.startup.HostConfig.deployDirectory Desplegando el directorio [/Users/josedutan/Documents/Programacion Nivelacion/MODULO 2/WorkspaceJava/apache-tomcat-9.0.87/webapps/RETO52] de la aplicación web
28-Mar-2024 09:22:47.691 INFO [main] org.apache.catalina.startup.HostConfig.deployDirectory Deployment of web application directory [/Users/josedutan/Documents/Programacion Nivelacion/MODULO 2/WorkspaceJava/apache-tomcat-9.0.87/webapps/RETO52] has finished in [9] ms
28-Mar-2024 09:22:47.691 INFO [main] org.apache.catalina.startup.HostConfig.deployDirectory Desplegando el directorio [/Users/josedutan/Documents/Programacion Nivelacion/MODULO 2/WorkspaceJava/apache-tomcat-9.0.87/webapps/docs] de la aplicación web
28-Mar-2024 09:22:47.703 INFO [main] org.apache.catalina.startup.HostConfig.deployDirectory Deployment of web application directory [/Users/josedutan/Documents/Programacion Nivelacion/MODULO 2/WorkspaceJava/apache-tomcat-9.0.87/webapps/docs] has finished in [12] ms
28-Mar-2024 09:22:47.703 INFO [main] org.apache.catalina.startup.HostConfig.deployDirectory Desplegando el directorio [/Users/josedutan/Documents/Programacion Nivelacion/MODULO 2/WorkspaceJava/apache-tomcat-9.0.87/webapps/manager] de la aplicación web
28-Mar-2024 09:22:47.720 INFO [main] org.apache.catalina.startup.HostConfig.deployDirectory Deployment of web application directory [/Users/josedutan/Documents/Programacion Nivelacion/MODULO 2/WorkspaceJava/apache-tomcat-9.0.87/webapps/manager] has finished in [17] ms
28-Mar-2024 09:22:47.720 INFO [main] org.apache.catalina.startup.HostConfig.deployDirectory Desplegando el directorio [/Users/josedutan/Documents/Programacion Nivelacion/MODULO 2/WorkspaceJava/apache-tomcat-9.0.87/webapps/examples] de la aplicación web
28-Mar-2024 09:22:47.819 INFO [main] org.apache.catalina.startup.HostConfig.deployDirectory Deployment of web application directory [/Users/josedutan/Documents/Programacion Nivelacion/MODULO 2/WorkspaceJava/apache-tomcat-9.0.87/webapps/examples] has finished in [99] ms
28-Mar-2024 09:22:47.819 INFO [main] org.apache.catalina.startup.HostConfig.deployDirectory Desplegando el directorio [/Users/josedutan/Documents/Programacion Nivelacion/MODULO 2/WorkspaceJava/apache-tomcat-9.0.87/webapps/ROOT] de la aplicación web
28-Mar-2024 09:22:47.827 INFO [main] org.apache.catalina.startup.HostConfig.deployDirectory Deployment of web application directory [/Users/josedutan/Documents/Programacion Nivelacion/MODULO 2/WorkspaceJava/apache-tomcat-9.0.87/webapps/ROOT] has finished in [7] ms
28-Mar-2024 09:22:47.827 INFO [main] org.apache.catalina.startup.HostConfig.deployDirectory Desplegando el directorio [/Users/josedutan/Documents/Programacion Nivelacion/MODULO 2/WorkspaceJava/apache-tomcat-9.0.87/webapps/krakedev] de la aplicación web
28-Mar-2024 09:22:47.833 INFO [main] org.apache.catalina.startup.HostConfig.deployDirectory Deployment of web application directory [/Users/josedutan/Documents/Programacion Nivelacion/MODULO 2/WorkspaceJava/apache-tomcat-9.0.87/webapps/krakedev] has finished in [6] ms
28-Mar-2024 09:22:47.833 INFO [main] org.apache.catalina.startup.HostConfig.deployDirectory Desplegando el directorio [/Users/josedutan/Documents/Programacion Nivelacion/MODULO 2/WorkspaceJava/apache-tomcat-9.0.87/webapps/host-manager] de la aplicación web
28-Mar-2024 09:22:47.842 INFO [main] org.apache.catalina.startup.HostConfig.deployDirectory Deployment of web application directory [/Users/josedutan/Documents/Programacion Nivelacion/MODULO 2/WorkspaceJava/apache-tomcat-9.0.87/webapps/host-manager] has finished in [9] ms
28-Mar-2024 09:22:47.843 INFO [main] org.apache.coyote.AbstractProtocol.start Starting ProtocolHandler ["http-nio-8080"]
28-Mar-2024 09:22:47.848 INFO [main] org.apache.catalina.startup.Catalina.start Server startup in [319] milliseconds
28-Mar-2024 09:28:38.166 INFO [Catalina-utility-2] org.apache.catalina.startup.HostConfig.undeploy Repliegue (undeploy) de la aplicación web que tiene como trayectoria de contexto [/ejemploweb]
28-Mar-2024 09:28:38.195 INFO [Catalina-utility-2] org.apache.catalina.startup.HostConfig.deployWAR Despliegue del archivo [/Users/josedutan/Documents/Programacion Nivelacion/MODULO 2/WorkspaceJava/apache-tomcat-9.0.87/webapps/ejemploweb.war] de la aplicación web
28-Mar-2024 09:28:38.452 INFO [Catalina-utility-2] org.apache.jasper.servlet.TldScanner.scanJars Al menos un JAR, que se ha explorado buscando TLDs, aún no contenía TLDs. Activar historial de depuración para este historiador para una completa lista de los JARs que fueron explorados y de los que nos se halló TLDs. Saltarse JARs no necesarios durante la exploración puede dar lugar a una mejora de tiempo significativa en el arranque y compilación de JSP .
28-Mar-2024 09:28:38.778 INFO [Catalina-utility-2] org.apache.catalina.startup.HostConfig.deployWAR Deployment of web application archive [/Users/josedutan/Documents/Programacion Nivelacion/MODULO 2/WorkspaceJava/apache-tomcat-9.0.87/webapps/ejemploweb.war] has finished in [583] ms
28-Mar-2024 09:28:55.035 INFO [main] org.apache.catalina.core.StandardServer.await Se ha recibido un comando de apagado a través del puerto de apagado. Parando la instancia del Servidor.
28-Mar-2024 09:28:55.035 INFO [main] org.apache.coyote.AbstractProtocol.pause Pausing ProtocolHandler ["http-nio-8080"]
28-Mar-2024 09:28:55.037 INFO [main] org.apache.catalina.core.StandardService.stopInternal Parando servicio [Catalina]
28-Mar-2024 09:28:55.056 INFO [main] org.apache.coyote.AbstractProtocol.stop Stopping ProtocolHandler ["http-nio-8080"]
28-Mar-2024 09:28:55.061 INFO [main] org.apache.coyote.AbstractProtocol.destroy Destroying ProtocolHandler ["http-nio-8080"]
28-Mar-2024 09:29:21.155 INFO [main] org.apache.catalina.startup.VersionLoggerListener.log Nombre de la versión del servidor: Apache Tomcat/9.0.87
28-Mar-2024 09:29:21.157 INFO [main] org.apache.catalina.startup.VersionLoggerListener.log Server built:                      Mar 11 2024 10:12:34 UTC
28-Mar-2024 09:29:21.157 INFO [main] org.apache.catalina.startup.VersionLoggerListener.log Número de versión de servidor:     9.0.87.0
28-Mar-2024 09:29:21.157 INFO [main] org.apache.catalina.startup.VersionLoggerListener.log OS Name:                           Mac OS X
28-Mar-2024 09:29:21.157 INFO [main] org.apache.catalina.startup.VersionLoggerListener.log Versión de Systema Operativo:      14.4.1
28-Mar-2024 09:29:21.157 INFO [main] org.apache.catalina.startup.VersionLoggerListener.log Arquitectura:                      aarch64
28-Mar-2024 09:29:21.157 INFO [main] org.apache.catalina.startup.VersionLoggerListener.log Java Home:                         /Library/Java/JavaVirtualMachines/jdk-21.jdk/Contents/Home
28-Mar-2024 09:29:21.157 INFO [main] org.apache.catalina.startup.VersionLoggerListener.log JVM Version:                       21.0.2+13-LTS-58
28-Mar-2024 09:29:21.157 INFO [main] org.apache.catalina.startup.VersionLoggerListener.log Vededor JVM:                       Oracle Corporation
28-Mar-2024 09:29:21.157 INFO [main] org.apache.catalina.startup.VersionLoggerListener.log CATALINA_BASE:                     /Users/josedutan/Documents/Programacion Nivelacion/MODULO 2/WorkspaceJava/apache-tomcat-9.0.87
28-Mar-2024 09:29:21.157 INFO [main] org.apache.catalina.startup.VersionLoggerListener.log CATALINA_HOME:                     /Users/josedutan/Documents/Programacion Nivelacion/MODULO 2/WorkspaceJava/apache-tomcat-9.0.87
28-Mar-2024 09:29:21.162 INFO [main] org.apache.catalina.startup.VersionLoggerListener.log Command line argument:             --add-opens=java.base/java.lang=ALL-UNNAMED
28-Mar-2024 09:29:21.162 INFO [main] org.apache.catalina.startup.VersionLoggerListener.log Command line argument:             --add-opens=java.base/java.io=ALL-UNNAMED
28-Mar-2024 09:29:21.162 INFO [main] org.apache.catalina.startup.VersionLoggerListener.log Command line argument:             --add-opens=java.base/java.util=ALL-UNNAMED
28-Mar-2024 09:29:21.162 INFO [main] org.apache.catalina.startup.VersionLoggerListener.log Command line argument:             --add-opens=java.base/java.util.concurrent=ALL-UNNAMED
28-Mar-2024 09:29:21.162 INFO [main] org.apache.catalina.startup.VersionLoggerListener.log Command line argument:             --add-opens=java.rmi/sun.rmi.transport=ALL-UNNAMED
28-Mar-2024 09:29:21.162 INFO [main] org.apache.catalina.startup.VersionLoggerListener.log Command line argument:             -Djava.util.logging.config.file=/Users/josedutan/Documents/Programacion Nivelacion/MODULO 2/WorkspaceJava/apache-tomcat-9.0.87/conf/logging.properties
28-Mar-2024 09:29:21.162 INFO [main] org.apache.catalina.startup.VersionLoggerListener.log Command line argument:             -Djava.util.logging.manager=org.apache.juli.ClassLoaderLogManager
28-Mar-2024 09:29:21.162 INFO [main] org.apache.catalina.startup.VersionLoggerListener.log Command line argument:             -Djdk.tls.ephemeralDHKeySize=2048
28-Mar-2024 09:29:21.162 INFO [main] org.apache.catalina.startup.VersionLoggerListener.log Command line argument:             -Djava.protocol.handler.pkgs=org.apache.catalina.webresources
28-Mar-2024 09:29:21.162 INFO [main] org.apache.catalina.startup.VersionLoggerListener.log Command line argument:             -Dorg.apache.catalina.security.SecurityListener.UMASK=0027
28-Mar-2024 09:29:21.162 INFO [main] org.apache.catalina.startup.VersionLoggerListener.log Command line argument:             -Dignore.endorsed.dirs=
28-Mar-2024 09:29:21.162 INFO [main] org.apache.catalina.startup.VersionLoggerListener.log Command line argument:             -Dcatalina.base=/Users/josedutan/Documents/Programacion Nivelacion/MODULO 2/WorkspaceJava/apache-tomcat-9.0.87
28-Mar-2024 09:29:21.163 INFO [main] org.apache.catalina.startup.VersionLoggerListener.log Command line argument:             -Dcatalina.home=/Users/josedutan/Documents/Programacion Nivelacion/MODULO 2/WorkspaceJava/apache-tomcat-9.0.87
28-Mar-2024 09:29:21.163 INFO [main] org.apache.catalina.startup.VersionLoggerListener.log Command line argument:             -Djava.io.tmpdir=/Users/josedutan/Documents/Programacion Nivelacion/MODULO 2/WorkspaceJava/apache-tomcat-9.0.87/temp
28-Mar-2024 09:29:21.167 INFO [main] org.apache.catalina.core.AprLifecycleListener.lifecycleEvent La biblioteca nativa de Apache Tomcat basada en ARP que permite un rendimiento óptimo en entornos de desarrollo no ha sido hallada en java.library.path: [/Users/josedutan/Library/Java/Extensions:/Library/Java/Extensions:/Network/Library/Java/Extensions:/System/Library/Java/Extensions:/usr/lib/java:.]
28-Mar-2024 09:29:21.316 INFO [main] org.apache.coyote.AbstractProtocol.init Inicializando el manejador de protocolo ["http-nio-8080"]

28-Mar-2024 09:29:21.331 INFO [main] org.apache.catalina.startup.Catalina.load Server initialization in [261] milliseconds
28-Mar-2024 09:29:21.348 INFO [main] org.apache.catalina.core.StandardService.startInternal Arrancando servicio [Catalina]
28-Mar-2024 09:29:21.348 INFO [main] org.apache.catalina.core.StandardEngine.startInternal Starting Servlet engine: [Apache Tomcat/9.0.87]
28-Mar-2024 09:29:21.354 INFO [main] org.apache.catalina.startup.HostConfig.deployWAR Despliegue del archivo [/Users/josedutan/Documents/Programacion Nivelacion/MODULO 2/WorkspaceJava/apache-tomcat-9.0.87/webapps/ejemploweb.war] de la aplicación web
28-Mar-2024 09:29:21.684 INFO [main] org.apache.jasper.servlet.TldScanner.scanJars Al menos un JAR, que se ha explorado buscando TLDs, aún no contenía TLDs. Activar historial de depuración para este historiador para una completa lista de los JARs que fueron explorados y de los que nos se halló TLDs. Saltarse JARs no necesarios durante la exploración puede dar lugar a una mejora de tiempo significativa en el arranque y compilación de JSP .
28-Mar-2024 09:29:21.977 INFO [main] org.apache.catalina.startup.HostConfig.deployWAR Deployment of web application archive [/Users/josedutan/Documents/Programacion Nivelacion/MODULO 2/WorkspaceJava/apache-tomcat-9.0.87/webapps/ejemploweb.war] has finished in [622] ms
28-Mar-2024 09:29:21.977 INFO [main] org.apache.catalina.startup.HostConfig.deployDirectory Desplegando el directorio [/Users/josedutan/Documents/Programacion Nivelacion/MODULO 2/WorkspaceJava/apache-tomcat-9.0.87/webapps/RETO52] de la aplicación web
28-Mar-2024 09:29:21.986 INFO [main] org.apache.catalina.startup.HostConfig.deployDirectory Deployment of web application directory [/Users/josedutan/Documents/Programacion Nivelacion/MODULO 2/WorkspaceJava/apache-tomcat-9.0.87/webapps/RETO52] has finished in [9] ms
28-Mar-2024 09:29:21.986 INFO [main] org.apache.catalina.startup.HostConfig.deployDirectory Desplegando el directorio [/Users/josedutan/Documents/Programacion Nivelacion/MODULO 2/WorkspaceJava/apache-tomcat-9.0.87/webapps/docs] de la aplicación web
28-Mar-2024 09:29:21.998 INFO [main] org.apache.catalina.startup.HostConfig.deployDirectory Deployment of web application directory [/Users/josedutan/Documents/Programacion Nivelacion/MODULO 2/WorkspaceJava/apache-tomcat-9.0.87/webapps/docs] has finished in [12] ms
28-Mar-2024 09:29:21.998 INFO [main] org.apache.catalina.startup.HostConfig.deployDirectory Desplegando el directorio [/Users/josedutan/Documents/Programacion Nivelacion/MODULO 2/WorkspaceJava/apache-tomcat-9.0.87/webapps/manager] de la aplicación web
28-Mar-2024 09:29:22.019 INFO [main] org.apache.catalina.startup.HostConfig.deployDirectory Deployment of web application directory [/Users/josedutan/Documents/Programacion Nivelacion/MODULO 2/WorkspaceJava/apache-tomcat-9.0.87/webapps/manager] has finished in [21] ms
28-Mar-2024 09:29:22.020 INFO [main] org.apache.catalina.startup.HostConfig.deployDirectory Desplegando el directorio [/Users/josedutan/Documents/Programacion Nivelacion/MODULO 2/WorkspaceJava/apache-tomcat-9.0.87/webapps/examples] de la aplicación web
28-Mar-2024 09:29:22.108 INFO [main] org.apache.catalina.startup.HostConfig.deployDirectory Deployment of web application directory [/Users/josedutan/Documents/Programacion Nivelacion/MODULO 2/WorkspaceJava/apache-tomcat-9.0.87/webapps/examples] has finished in [88] ms
28-Mar-2024 09:29:22.109 INFO [main] org.apache.catalina.startup.HostConfig.deployDirectory Desplegando el directorio [/Users/josedutan/Documents/Programacion Nivelacion/MODULO 2/WorkspaceJava/apache-tomcat-9.0.87/webapps/ROOT] de la aplicación web
28-Mar-2024 09:29:22.115 INFO [main] org.apache.catalina.startup.HostConfig.deployDirectory Deployment of web application directory [/Users/josedutan/Documents/Programacion Nivelacion/MODULO 2/WorkspaceJava/apache-tomcat-9.0.87/webapps/ROOT] has finished in [6] ms
28-Mar-2024 09:29:22.115 INFO [main] org.apache.catalina.startup.HostConfig.deployDirectory Desplegando el directorio [/Users/josedutan/Documents/Programacion Nivelacion/MODULO 2/WorkspaceJava/apache-tomcat-9.0.87/webapps/krakedev] de la aplicación web
28-Mar-2024 09:29:22.121 INFO [main] org.apache.catalina.startup.HostConfig.deployDirectory Deployment of web application directory [/Users/josedutan/Documents/Programacion Nivelacion/MODULO 2/WorkspaceJava/apache-tomcat-9.0.87/webapps/krakedev] has finished in [6] ms
28-Mar-2024 09:29:22.121 INFO [main] org.apache.catalina.startup.HostConfig.deployDirectory Desplegando el directorio [/Users/josedutan/Documents/Programacion Nivelacion/MODULO 2/WorkspaceJava/apache-tomcat-9.0.87/webapps/host-manager] de la aplicación web
28-Mar-2024 09:29:22.130 INFO [main] org.apache.catalina.startup.HostConfig.deployDirectory Deployment of web application directory [/Users/josedutan/Documents/Programacion Nivelacion/MODULO 2/WorkspaceJava/apache-tomcat-9.0.87/webapps/host-manager] has finished in [9] ms
28-Mar-2024 09:29:22.132 INFO [main] org.apache.coyote.AbstractProtocol.start Starting ProtocolHandler ["http-nio-8080"]
28-Mar-2024 09:29:22.137 INFO [main] org.apache.catalina.startup.Catalina.start Server startup in [805] milliseconds
28-Mar-2024 09:39:22.691 INFO [Catalina-utility-1] org.apache.catalina.startup.HostConfig.undeploy Repliegue (undeploy) de la aplicación web que tiene como trayectoria de contexto [/ejemploweb]
28-Mar-2024 09:39:22.739 INFO [Catalina-utility-1] org.apache.catalina.startup.HostConfig.deployWAR Despliegue del archivo [/Users/josedutan/Documents/Programacion Nivelacion/MODULO 2/WorkspaceJava/apache-tomcat-9.0.87/webapps/ejemploweb.war] de la aplicación web
28-Mar-2024 09:39:22.956 INFO [Catalina-utility-1] org.apache.jasper.servlet.TldScanner.scanJars Al menos un JAR, que se ha explorado buscando TLDs, aún no contenía TLDs. Activar historial de depuración para este historiador para una completa lista de los JARs que fueron explorados y de los que nos se halló TLDs. Saltarse JARs no necesarios durante la exploración puede dar lugar a una mejora de tiempo significativa en el arranque y compilación de JSP .
28-Mar-2024 09:39:23.233 INFO [Catalina-utility-1] org.apache.catalina.startup.HostConfig.deployWAR Deployment of web application archive [/Users/josedutan/Documents/Programacion Nivelacion/MODULO 2/WorkspaceJava/apache-tomcat-9.0.87/webapps/ejemploweb.war] has finished in [494] ms
28-Mar-2024 09:39:36.313 INFO [main] org.apache.catalina.core.StandardServer.await Se ha recibido un comando de apagado a través del puerto de apagado. Parando la instancia del Servidor.
28-Mar-2024 09:39:36.313 INFO [main] org.apache.coyote.AbstractProtocol.pause Pausing ProtocolHandler ["http-nio-8080"]
28-Mar-2024 09:39:36.317 INFO [main] org.apache.catalina.core.StandardService.stopInternal Parando servicio [Catalina]
28-Mar-2024 09:39:36.328 INFO [main] org.apache.coyote.AbstractProtocol.stop Stopping ProtocolHandler ["http-nio-8080"]
28-Mar-2024 09:39:36.342 INFO [main] org.apache.coyote.AbstractProtocol.destroy Destroying ProtocolHandler ["http-nio-8080"]
28-Mar-2024 09:39:44.030 INFO [main] org.apache.catalina.startup.VersionLoggerListener.log Nombre de la versión del servidor: Apache Tomcat/9.0.87
28-Mar-2024 09:39:44.031 INFO [main] org.apache.catalina.startup.VersionLoggerListener.log Server built:                      Mar 11 2024 10:12:34 UTC
28-Mar-2024 09:39:44.032 INFO [main] org.apache.catalina.startup.VersionLoggerListener.log Número de versión de servidor:     9.0.87.0
28-Mar-2024 09:39:44.032 INFO [main] org.apache.catalina.startup.VersionLoggerListener.log OS Name:                           Mac OS X
28-Mar-2024 09:39:44.032 INFO [main] org.apache.catalina.startup.VersionLoggerListener.log Versión de Systema Operativo:      14.4.1
28-Mar-2024 09:39:44.032 INFO [main] org.apache.catalina.startup.VersionLoggerListener.log Arquitectura:                      aarch64
28-Mar-2024 09:39:44.032 INFO [main] org.apache.catalina.startup.VersionLoggerListener.log Java Home:                         /Library/Java/JavaVirtualMachines/jdk-21.jdk/Contents/Home
28-Mar-2024 09:39:44.032 INFO [main] org.apache.catalina.startup.VersionLoggerListener.log JVM Version:                       21.0.2+13-LTS-58
28-Mar-2024 09:39:44.032 INFO [main] org.apache.catalina.startup.VersionLoggerListener.log Vededor JVM:                       Oracle Corporation
28-Mar-2024 09:39:44.032 INFO [main] org.apache.catalina.startup.VersionLoggerListener.log CATALINA_BASE:                     /Users/josedutan/Documents/Programacion Nivelacion/MODULO 2/WorkspaceJava/apache-tomcat-9.0.87
28-Mar-2024 09:39:44.032 INFO [main] org.apache.catalina.startup.VersionLoggerListener.log CATALINA_HOME:                     /Users/josedutan/Documents/Programacion Nivelacion/MODULO 2/WorkspaceJava/apache-tomcat-9.0.87
28-Mar-2024 09:39:44.036 INFO [main] org.apache.catalina.startup.VersionLoggerListener.log Command line argument:             --add-opens=java.base/java.lang=ALL-UNNAMED
28-Mar-2024 09:39:44.036 INFO [main] org.apache.catalina.startup.VersionLoggerListener.log Command line argument:             --add-opens=java.base/java.io=ALL-UNNAMED
28-Mar-2024 09:39:44.036 INFO [main] org.apache.catalina.startup.VersionLoggerListener.log Command line argument:             --add-opens=java.base/java.util=ALL-UNNAMED
28-Mar-2024 09:39:44.036 INFO [main] org.apache.catalina.startup.VersionLoggerListener.log Command line argument:             --add-opens=java.base/java.util.concurrent=ALL-UNNAMED
28-Mar-2024 09:39:44.036 INFO [main] org.apache.catalina.startup.VersionLoggerListener.log Command line argument:             --add-opens=java.rmi/sun.rmi.transport=ALL-UNNAMED
28-Mar-2024 09:39:44.037 INFO [main] org.apache.catalina.startup.VersionLoggerListener.log Command line argument:             -Djava.util.logging.config.file=/Users/josedutan/Documents/Programacion Nivelacion/MODULO 2/WorkspaceJava/apache-tomcat-9.0.87/conf/logging.properties
28-Mar-2024 09:39:44.037 INFO [main] org.apache.catalina.startup.VersionLoggerListener.log Command line argument:             -Djava.util.logging.manager=org.apache.juli.ClassLoaderLogManager
28-Mar-2024 09:39:44.037 INFO [main] org.apache.catalina.startup.VersionLoggerListener.log Command line argument:             -Djdk.tls.ephemeralDHKeySize=2048
28-Mar-2024 09:39:44.037 INFO [main] org.apache.catalina.startup.VersionLoggerListener.log Command line argument:             -Djava.protocol.handler.pkgs=org.apache.catalina.webresources
28-Mar-2024 09:39:44.037 INFO [main] org.apache.catalina.startup.VersionLoggerListener.log Command line argument:             -Dorg.apache.catalina.security.SecurityListener.UMASK=0027
28-Mar-2024 09:39:44.037 INFO [main] org.apache.catalina.startup.VersionLoggerListener.log Command line argument:             -Dignore.endorsed.dirs=
28-Mar-2024 09:39:44.037 INFO [main] org.apache.catalina.startup.VersionLoggerListener.log Command line argument:             -Dcatalina.base=/Users/josedutan/Documents/Programacion Nivelacion/MODULO 2/WorkspaceJava/apache-tomcat-9.0.87
28-Mar-2024 09:39:44.037 INFO [main] org.apache.catalina.startup.VersionLoggerListener.log Command line argument:             -Dcatalina.home=/Users/josedutan/Documents/Programacion Nivelacion/MODULO 2/WorkspaceJava/apache-tomcat-9.0.87
28-Mar-2024 09:39:44.037 INFO [main] org.apache.catalina.startup.VersionLoggerListener.log Command line argument:             -Djava.io.tmpdir=/Users/josedutan/Documents/Programacion Nivelacion/MODULO 2/WorkspaceJava/apache-tomcat-9.0.87/temp
28-Mar-2024 09:39:44.041 INFO [main] org.apache.catalina.core.AprLifecycleListener.lifecycleEvent La biblioteca nativa de Apache Tomcat basada en ARP que permite un rendimiento óptimo en entornos de desarrollo no ha sido hallada en java.library.path: [/Users/josedutan/Library/Java/Extensions:/Library/Java/Extensions:/Network/Library/Java/Extensions:/System/Library/Java/Extensions:/usr/lib/java:.]
28-Mar-2024 09:39:44.187 INFO [main] org.apache.coyote.AbstractProtocol.init Inicializando el manejador de protocolo ["http-nio-8080"]

28-Mar-2024 09:39:44.201 INFO [main] org.apache.catalina.startup.Catalina.load Server initialization in [255] milliseconds
28-Mar-2024 09:39:44.218 INFO [main] org.apache.catalina.core.StandardService.startInternal Arrancando servicio [Catalina]
28-Mar-2024 09:39:44.219 INFO [main] org.apache.catalina.core.StandardEngine.startInternal Starting Servlet engine: [Apache Tomcat/9.0.87]
28-Mar-2024 09:39:44.225 INFO [main] org.apache.catalina.startup.HostConfig.deployWAR Despliegue del archivo [/Users/josedutan/Documents/Programacion Nivelacion/MODULO 2/WorkspaceJava/apache-tomcat-9.0.87/webapps/ejemploweb.war] de la aplicación web
28-Mar-2024 09:39:44.576 INFO [main] org.apache.jasper.servlet.TldScanner.scanJars Al menos un JAR, que se ha explorado buscando TLDs, aún no contenía TLDs. Activar historial de depuración para este historiador para una completa lista de los JARs que fueron explorados y de los que nos se halló TLDs. Saltarse JARs no necesarios durante la exploración puede dar lugar a una mejora de tiempo significativa en el arranque y compilación de JSP .
28-Mar-2024 09:39:44.878 INFO [main] org.apache.catalina.startup.HostConfig.deployWAR Deployment of web application archive [/Users/josedutan/Documents/Programacion Nivelacion/MODULO 2/WorkspaceJava/apache-tomcat-9.0.87/webapps/ejemploweb.war] has finished in [653] ms
28-Mar-2024 09:39:44.879 INFO [main] org.apache.catalina.startup.HostConfig.deployDirectory Desplegando el directorio [/Users/josedutan/Documents/Programacion Nivelacion/MODULO 2/WorkspaceJava/apache-tomcat-9.0.87/webapps/RETO52] de la aplicación web
28-Mar-2024 09:39:44.887 INFO [main] org.apache.catalina.startup.HostConfig.deployDirectory Deployment of web application directory [/Users/josedutan/Documents/Programacion Nivelacion/MODULO 2/WorkspaceJava/apache-tomcat-9.0.87/webapps/RETO52] has finished in [8] ms
28-Mar-2024 09:39:44.888 INFO [main] org.apache.catalina.startup.HostConfig.deployDirectory Desplegando el directorio [/Users/josedutan/Documents/Programacion Nivelacion/MODULO 2/WorkspaceJava/apache-tomcat-9.0.87/webapps/docs] de la aplicación web
28-Mar-2024 09:39:44.899 INFO [main] org.apache.catalina.startup.HostConfig.deployDirectory Deployment of web application directory [/Users/josedutan/Documents/Programacion Nivelacion/MODULO 2/WorkspaceJava/apache-tomcat-9.0.87/webapps/docs] has finished in [11] ms
28-Mar-2024 09:39:44.899 INFO [main] org.apache.catalina.startup.HostConfig.deployDirectory Desplegando el directorio [/Users/josedutan/Documents/Programacion Nivelacion/MODULO 2/WorkspaceJava/apache-tomcat-9.0.87/webapps/manager] de la aplicación web
28-Mar-2024 09:39:44.922 INFO [main] org.apache.catalina.startup.HostConfig.deployDirectory Deployment of web application directory [/Users/josedutan/Documents/Programacion Nivelacion/MODULO 2/WorkspaceJava/apache-tomcat-9.0.87/webapps/manager] has finished in [22] ms
28-Mar-2024 09:39:44.922 INFO [main] org.apache.catalina.startup.HostConfig.deployDirectory Desplegando el directorio [/Users/josedutan/Documents/Programacion Nivelacion/MODULO 2/WorkspaceJava/apache-tomcat-9.0.87/webapps/examples] de la aplicación web
28-Mar-2024 09:39:45.010 INFO [main] org.apache.catalina.startup.HostConfig.deployDirectory Deployment of web application directory [/Users/josedutan/Documents/Programacion Nivelacion/MODULO 2/WorkspaceJava/apache-tomcat-9.0.87/webapps/examples] has finished in [88] ms
28-Mar-2024 09:39:45.010 INFO [main] org.apache.catalina.startup.HostConfig.deployDirectory Desplegando el directorio [/Users/josedutan/Documents/Programacion Nivelacion/MODULO 2/WorkspaceJava/apache-tomcat-9.0.87/webapps/ROOT] de la aplicación web
28-Mar-2024 09:39:45.017 INFO [main] org.apache.catalina.startup.HostConfig.deployDirectory Deployment of web application directory [/Users/josedutan/Documents/Programacion Nivelacion/MODULO 2/WorkspaceJava/apache-tomcat-9.0.87/webapps/ROOT] has finished in [7] ms
28-Mar-2024 09:39:45.017 INFO [main] org.apache.catalina.startup.HostConfig.deployDirectory Desplegando el directorio [/Users/josedutan/Documents/Programacion Nivelacion/MODULO 2/WorkspaceJava/apache-tomcat-9.0.87/webapps/krakedev] de la aplicación web
28-Mar-2024 09:39:45.023 INFO [main] org.apache.catalina.startup.HostConfig.deployDirectory Deployment of web application directory [/Users/josedutan/Documents/Programacion Nivelacion/MODULO 2/WorkspaceJava/apache-tomcat-9.0.87/webapps/krakedev] has finished in [6] ms
28-Mar-2024 09:39:45.023 INFO [main] org.apache.catalina.startup.HostConfig.deployDirectory Desplegando el directorio [/Users/josedutan/Documents/Programacion Nivelacion/MODULO 2/WorkspaceJava/apache-tomcat-9.0.87/webapps/host-manager] de la aplicación web
28-Mar-2024 09:39:45.031 INFO [main] org.apache.catalina.startup.HostConfig.deployDirectory Deployment of web application directory [/Users/josedutan/Documents/Programacion Nivelacion/MODULO 2/WorkspaceJava/apache-tomcat-9.0.87/webapps/host-manager] has finished in [8] ms
28-Mar-2024 09:39:45.033 INFO [main] org.apache.coyote.AbstractProtocol.start Starting ProtocolHandler ["http-nio-8080"]
28-Mar-2024 09:39:45.038 INFO [main] org.apache.catalina.startup.Catalina.start Server startup in [836] milliseconds
