31-Mar-2024 10:27:56.581 INFO [main] org.apache.catalina.core.ApplicationContext.log SessionListener: contextDestroyed()
31-Mar-2024 10:27:56.581 INFO [main] org.apache.catalina.core.ApplicationContext.log ContextListener: contextDestroyed()
31-Mar-2024 10:28:07.974 INFO [main] org.apache.catalina.core.ApplicationContext.log ContextListener: contextInitialized()
31-Mar-2024 10:28:07.974 INFO [main] org.apache.catalina.core.ApplicationContext.log SessionListener: contextInitialized()
31-Mar-2024 10:28:07.974 INFO [main] org.apache.catalina.core.ApplicationContext.log ContextListener: attributeAdded('StockTicker', 'async.Stockticker@57e0bfd6')
31-Mar-2024 10:48:05.854 INFO [main] org.apache.catalina.core.ApplicationContext.log SessionListener: contextDestroyed()
31-Mar-2024 10:48:05.854 INFO [main] org.apache.catalina.core.ApplicationContext.log ContextListener: contextDestroyed()
31-Mar-2024 10:48:17.502 INFO [main] org.apache.catalina.core.ApplicationContext.log ContextListener: contextInitialized()
31-Mar-2024 10:48:17.502 INFO [main] org.apache.catalina.core.ApplicationContext.log SessionListener: contextInitialized()
31-Mar-2024 10:48:17.502 INFO [main] org.apache.catalina.core.ApplicationContext.log ContextListener: attributeAdded('StockTicker', 'async.Stockticker@2620d0dc')
31-Mar-2024 10:53:26.203 INFO [main] org.apache.catalina.core.ApplicationContext.log SessionListener: contextDestroyed()
31-Mar-2024 10:53:26.203 INFO [main] org.apache.catalina.core.ApplicationContext.log ContextListener: contextDestroyed()
31-Mar-2024 10:53:38.775 INFO [main] org.apache.catalina.core.ApplicationContext.log ContextListener: contextInitialized()
31-Mar-2024 10:53:38.775 INFO [main] org.apache.catalina.core.ApplicationContext.log SessionListener: contextInitialized()
31-Mar-2024 10:53:38.775 INFO [main] org.apache.catalina.core.ApplicationContext.log ContextListener: attributeAdded('StockTicker', 'async.Stockticker@1a6864f0')
31-Mar-2024 11:05:31.996 INFO [main] org.apache.catalina.core.ApplicationContext.log SessionListener: contextDestroyed()
31-Mar-2024 11:05:31.996 INFO [main] org.apache.catalina.core.ApplicationContext.log ContextListener: contextDestroyed()
31-Mar-2024 11:05:41.437 INFO [main] org.apache.catalina.core.ApplicationContext.log ContextListener: contextInitialized()
31-Mar-2024 11:05:41.437 INFO [main] org.apache.catalina.core.ApplicationContext.log SessionListener: contextInitialized()
31-Mar-2024 11:05:41.437 INFO [main] org.apache.catalina.core.ApplicationContext.log ContextListener: attributeAdded('StockTicker', 'async.Stockticker@4a547f9d')
31-Mar-2024 11:10:58.745 INFO [main] org.apache.catalina.core.ApplicationContext.log SessionListener: contextDestroyed()
31-Mar-2024 11:10:58.745 INFO [main] org.apache.catalina.core.ApplicationContext.log ContextListener: contextDestroyed()
31-Mar-2024 11:11:09.239 INFO [main] org.apache.catalina.core.ApplicationContext.log ContextListener: contextInitialized()
31-Mar-2024 11:11:09.239 INFO [main] org.apache.catalina.core.ApplicationContext.log SessionListener: contextInitialized()
31-Mar-2024 11:11:09.240 INFO [main] org.apache.catalina.core.ApplicationContext.log ContextListener: attributeAdded('StockTicker', 'async.Stockticker@3c3f0f2e')
31-Mar-2024 11:23:54.043 INFO [main] org.apache.catalina.core.ApplicationContext.log SessionListener: contextDestroyed()
31-Mar-2024 11:23:54.043 INFO [main] org.apache.catalina.core.ApplicationContext.log ContextListener: contextDestroyed()
31-Mar-2024 11:26:20.299 INFO [main] org.apache.catalina.core.ApplicationContext.log ContextListener: contextInitialized()
31-Mar-2024 11:26:20.299 INFO [main] org.apache.catalina.core.ApplicationContext.log SessionListener: contextInitialized()
31-Mar-2024 11:26:20.300 INFO [main] org.apache.catalina.core.ApplicationContext.log ContextListener: attributeAdded('StockTicker', 'async.Stockticker@6ac93b87')
31-Mar-2024 11:41:02.568 INFO [main] org.apache.catalina.core.ApplicationContext.log SessionListener: contextDestroyed()
31-Mar-2024 11:41:02.568 INFO [main] org.apache.catalina.core.ApplicationContext.log ContextListener: contextDestroyed()
31-Mar-2024 11:41:19.628 INFO [main] org.apache.catalina.core.ApplicationContext.log ContextListener: contextInitialized()
31-Mar-2024 11:41:19.628 INFO [main] org.apache.catalina.core.ApplicationContext.log SessionListener: contextInitialized()
31-Mar-2024 11:41:19.628 INFO [main] org.apache.catalina.core.ApplicationContext.log ContextListener: attributeAdded('StockTicker', 'async.Stockticker@4f347aae')
