12-Apr-2024 09:35:45.795 INFO [main] org.apache.catalina.core.ApplicationContext.log ContextListener: contextInitialized()
12-Apr-2024 09:35:45.795 INFO [main] org.apache.catalina.core.ApplicationContext.log SessionListener: contextInitialized()
12-Apr-2024 09:35:45.795 INFO [main] org.apache.catalina.core.ApplicationContext.log ContextListener: attributeAdded('StockTicker', 'async.Stockticker@5f09e952')
12-Apr-2024 09:47:55.576 INFO [main] org.apache.catalina.core.ApplicationContext.log SessionListener: contextDestroyed()
12-Apr-2024 09:47:55.576 INFO [main] org.apache.catalina.core.ApplicationContext.log ContextListener: contextDestroyed()
12-Apr-2024 09:48:06.554 INFO [main] org.apache.catalina.core.ApplicationContext.log ContextListener: contextInitialized()
12-Apr-2024 09:48:06.554 INFO [main] org.apache.catalina.core.ApplicationContext.log SessionListener: contextInitialized()
12-Apr-2024 09:48:06.555 INFO [main] org.apache.catalina.core.ApplicationContext.log ContextListener: attributeAdded('StockTicker', 'async.Stockticker@7ffd3c24')
12-Apr-2024 10:16:29.974 INFO [main] org.apache.catalina.core.ApplicationContext.log SessionListener: contextDestroyed()
12-Apr-2024 10:16:29.974 INFO [main] org.apache.catalina.core.ApplicationContext.log ContextListener: contextDestroyed()
12-Apr-2024 10:16:37.081 INFO [main] org.apache.catalina.core.ApplicationContext.log ContextListener: contextInitialized()
12-Apr-2024 10:16:37.081 INFO [main] org.apache.catalina.core.ApplicationContext.log SessionListener: contextInitialized()
12-Apr-2024 10:16:37.081 INFO [main] org.apache.catalina.core.ApplicationContext.log ContextListener: attributeAdded('StockTicker', 'async.Stockticker@4988d5b0')
12-Apr-2024 10:20:57.334 INFO [main] org.apache.catalina.core.ApplicationContext.log SessionListener: contextDestroyed()
12-Apr-2024 10:20:57.334 INFO [main] org.apache.catalina.core.ApplicationContext.log ContextListener: contextDestroyed()
12-Apr-2024 10:21:03.847 INFO [main] org.apache.catalina.core.ApplicationContext.log ContextListener: contextInitialized()
12-Apr-2024 10:21:03.847 INFO [main] org.apache.catalina.core.ApplicationContext.log SessionListener: contextInitialized()
12-Apr-2024 10:21:03.847 INFO [main] org.apache.catalina.core.ApplicationContext.log ContextListener: attributeAdded('StockTicker', 'async.Stockticker@7622892a')
12-Apr-2024 14:04:25.683 INFO [main] org.apache.catalina.core.ApplicationContext.log ContextListener: contextInitialized()
12-Apr-2024 14:04:25.683 INFO [main] org.apache.catalina.core.ApplicationContext.log SessionListener: contextInitialized()
12-Apr-2024 14:04:25.683 INFO [main] org.apache.catalina.core.ApplicationContext.log ContextListener: attributeAdded('StockTicker', 'async.Stockticker@1e52e3e8')
12-Apr-2024 14:04:25.824 INFO [main] org.apache.catalina.core.ApplicationContext.log SessionListener: contextDestroyed()
12-Apr-2024 14:04:25.824 INFO [main] org.apache.catalina.core.ApplicationContext.log ContextListener: contextDestroyed()
12-Apr-2024 14:05:37.666 INFO [main] org.apache.catalina.core.ApplicationContext.log SessionListener: contextDestroyed()
12-Apr-2024 14:05:37.666 INFO [main] org.apache.catalina.core.ApplicationContext.log ContextListener: contextDestroyed()
12-Apr-2024 14:05:50.444 INFO [main] org.apache.catalina.core.ApplicationContext.log ContextListener: contextInitialized()
12-Apr-2024 14:05:50.444 INFO [main] org.apache.catalina.core.ApplicationContext.log SessionListener: contextInitialized()
12-Apr-2024 14:05:50.445 INFO [main] org.apache.catalina.core.ApplicationContext.log ContextListener: attributeAdded('StockTicker', 'async.Stockticker@1c0b38af')
12-Apr-2024 14:07:27.227 INFO [main] org.apache.catalina.core.ApplicationContext.log SessionListener: contextDestroyed()
12-Apr-2024 14:07:27.227 INFO [main] org.apache.catalina.core.ApplicationContext.log ContextListener: contextDestroyed()
12-Apr-2024 14:07:35.236 INFO [main] org.apache.catalina.core.ApplicationContext.log ContextListener: contextInitialized()
12-Apr-2024 14:07:35.236 INFO [main] org.apache.catalina.core.ApplicationContext.log SessionListener: contextInitialized()
12-Apr-2024 14:07:35.237 INFO [main] org.apache.catalina.core.ApplicationContext.log ContextListener: attributeAdded('StockTicker', 'async.Stockticker@1c0b38af')
