27-Mar-2024 23:24:30.129 INFO [main] org.apache.catalina.core.ApplicationContext.log ContextListener: contextInitialized()
27-Mar-2024 23:24:30.129 INFO [main] org.apache.catalina.core.ApplicationContext.log SessionListener: contextInitialized()
27-Mar-2024 23:24:30.130 INFO [main] org.apache.catalina.core.ApplicationContext.log ContextListener: attributeAdded('StockTicker', 'async.Stockticker@25f7391e')
27-Mar-2024 23:24:30.168 INFO [main] org.apache.catalina.core.ApplicationContext.log SessionListener: contextDestroyed()
27-Mar-2024 23:24:30.168 INFO [main] org.apache.catalina.core.ApplicationContext.log ContextListener: contextDestroyed()
27-Mar-2024 23:25:04.815 INFO [main] org.apache.catalina.core.ApplicationContext.log ContextListener: contextInitialized()
27-Mar-2024 23:25:04.815 INFO [main] org.apache.catalina.core.ApplicationContext.log SessionListener: contextInitialized()
27-Mar-2024 23:25:04.816 INFO [main] org.apache.catalina.core.ApplicationContext.log ContextListener: attributeAdded('StockTicker', 'async.Stockticker@4985cbcb')
27-Mar-2024 23:26:55.603 INFO [main] org.apache.catalina.core.ApplicationContext.log SessionListener: contextDestroyed()
27-Mar-2024 23:26:55.603 INFO [main] org.apache.catalina.core.ApplicationContext.log ContextListener: contextDestroyed()
27-Mar-2024 23:27:01.189 INFO [main] org.apache.catalina.core.ApplicationContext.log ContextListener: contextInitialized()
27-Mar-2024 23:27:01.189 INFO [main] org.apache.catalina.core.ApplicationContext.log SessionListener: contextInitialized()
27-Mar-2024 23:27:01.190 INFO [main] org.apache.catalina.core.ApplicationContext.log ContextListener: attributeAdded('StockTicker', 'async.Stockticker@47874b25')
27-Mar-2024 23:30:05.960 INFO [main] org.apache.catalina.core.ApplicationContext.log SessionListener: contextDestroyed()
27-Mar-2024 23:30:05.960 INFO [main] org.apache.catalina.core.ApplicationContext.log ContextListener: contextDestroyed()
27-Mar-2024 23:30:24.362 INFO [main] org.apache.catalina.core.ApplicationContext.log ContextListener: contextInitialized()
27-Mar-2024 23:30:24.362 INFO [main] org.apache.catalina.core.ApplicationContext.log SessionListener: contextInitialized()
27-Mar-2024 23:30:24.362 INFO [main] org.apache.catalina.core.ApplicationContext.log ContextListener: attributeAdded('StockTicker', 'async.Stockticker@1bdf8190')
27-Mar-2024 23:33:46.858 INFO [main] org.apache.catalina.core.ApplicationContext.log SessionListener: contextDestroyed()
27-Mar-2024 23:33:46.858 INFO [main] org.apache.catalina.core.ApplicationContext.log ContextListener: contextDestroyed()
27-Mar-2024 23:33:55.625 INFO [main] org.apache.catalina.core.ApplicationContext.log ContextListener: contextInitialized()
27-Mar-2024 23:33:55.625 INFO [main] org.apache.catalina.core.ApplicationContext.log SessionListener: contextInitialized()
27-Mar-2024 23:33:55.625 INFO [main] org.apache.catalina.core.ApplicationContext.log ContextListener: attributeAdded('StockTicker', 'async.Stockticker@b91d8c4')
